Arguments: 
  /home/anton/.nvm/versions/node/v9.9.0/bin/node /home/anton/.nvm/versions/node/v9.9.0/bin/yarn start

PATH: 
  /home/anton/.nvm/versions/node/v9.9.0/bin:/home/anton/.yarn/bin:/home/anton/.bin:/home/anton/.config/yarn/global/node_modules/.bin:/home/anton/.gem/ruby/2.5.0/bin:/home/anton/.zplug/bin:/bin:/usr/local/bin:/usr/bin:/usr/local/sbin:/usr/bin/site_perl:/usr/bin/vendor_perl:/usr/bin/core_perl

Yarn version: 
  1.5.1

Node version: 
  9.9.0

Platform: 
  linux x64

npm manifest: 
  No manifest

yarn manifest: 
  No manifest

Lockfile: 
  No lockfile

Trace: 
  Error: Couldn't find a package.json file in "/home/anton/code/web/outkine.github.io"
      at new MessageError (/home/anton/.nvm/versions/node/v9.9.0/lib/node_modules/yarn/lib/cli.js:186:110)
      at /home/anton/.nvm/versions/node/v9.9.0/lib/node_modules/yarn/lib/cli.js:40048:15
      at Generator.next (<anonymous>)
      at step (/home/anton/.nvm/versions/node/v9.9.0/lib/node_modules/yarn/lib/cli.js:98:30)
      at /home/anton/.nvm/versions/node/v9.9.0/lib/node_modules/yarn/lib/cli.js:109:13
      at <anonymous>
